<?xml version="1.0" encoding="UTF-8"?>
<testng-results ignored="0" total="2" passed="2" failed="0" skipped="0">
  <reporter-output>
  </reporter-output>
  <suite started-at="2023-01-25T19:34:22 IST" name="Default suite" finished-at="2023-01-25T19:34:38 IST" duration-ms="16495">
    <groups>
    </groups>
    <test started-at="2023-01-25T19:34:22 IST" name="Default test" finished-at="2023-01-25T19:34:38 IST" duration-ms="16495">
      <class name="testcase.TestingXYZhome">
        <test-method is-config="true" signature="XYZhome()[pri:0, instance:testcase.TestingXYZhome@7714e963]" started-at="2023-01-25T19:34:22 IST" name="XYZhome" finished-at="2023-01-25T19:34:28 IST" duration-ms="5963" status="PASS">
          <reporter-output>
          </reporter-output>
        </test-method> <!-- XYZhome -->
        <test-method signature="XYZFunctions()[pri:0, instance:testcase.TestingXYZhome@7714e963]" started-at="2023-01-25T19:34:28 IST" name="XYZFunctions" finished-at="2023-01-25T19:34:32 IST" duration-ms="4391" status="PASS">
          <reporter-output>
          </reporter-output>
        </test-method> <!-- XYZFunctions -->
        <test-method signature="userlogin()[pri:1, instance:testcase.TestingXYZhome@7714e963]" started-at="2023-01-25T19:34:32 IST" name="userlogin" finished-at="2023-01-25T19:34:38 IST" duration-ms="5698" status="PASS">
          <reporter-output>
          </reporter-output>
        </test-method> <!-- userlogin -->
        <test-method is-config="true" signature="closeBrowser()[pri:0, instance:testcase.TestingXYZhome@7714e963]" started-at="2023-01-25T19:34:38 IST" name="closeBrowser" finished-at="2023-01-25T19:34:38 IST" duration-ms="351" status="PASS">
          <reporter-output>
          </reporter-output>
        </test-method> <!-- closeBrowser -->
      </class> <!-- testcase.TestingXYZhome -->
    </test> <!-- Default test -->
  </suite> <!-- Default suite -->
</testng-results>
